<?xml version="1.0" encoding="UTF-8"?>
<!-- Generated by org.testng.reporters.JUnitXMLReporter -->
<testsuite ignored="0" hostname="LAPTOP-49GARL5Q" failures="0" tests="5" name="Default test" time="59.284" errors="0" timestamp="2023-02-15T11:47:00 IST">
  <testcase classname="com.selenium.amazon_automation.test.LoginTest" name="invalidLoginTest" time="12.991"/>
  <testcase classname="com.selenium.amazon_automation.test.LoginTest" name="invalidLoginTest" time="1.208"/>
  <testcase classname="com.selenium.amazon_automation.test.LoginTest" name="invalidLoginTest" time="11.342"/>
  <testcase classname="com.selenium.amazon_automation.test.LoginTest" name="invalidLoginTest" time="0.136"/>
  <testcase classname="com.selenium.amazon_automation.test.LoginTest" name="validLoginTest" time="3.255"/>
</testsuite> <!-- Default test -->
