<?xml version="1.0" encoding="UTF-8"?>
<!-- Generated by org.testng.reporters.JUnitXMLReporter -->
<testsuite ignored="0" hostname="LAPTOP-49GARL5Q" failures="0" tests="5" name="LoginTest" time="55.28" errors="0" timestamp="2023-02-15T12:11:51 IST">
  <testcase classname="com.selenium.amazon_automation.test.LoginTest" name="invalidLoginTest" time="13.264"/>
  <testcase classname="com.selenium.amazon_automation.test.LoginTest" name="invalidLoginTest" time="0.729"/>
  <testcase classname="com.selenium.amazon_automation.test.LoginTest" name="invalidLoginTest" time="11.292"/>
  <testcase classname="com.selenium.amazon_automation.test.LoginTest" name="invalidLoginTest" time="0.151"/>
  <testcase classname="com.selenium.amazon_automation.test.LoginTest" name="validLoginTest" time="2.995"/>
</testsuite> <!-- LoginTest -->
