<?xml version="1.0" encoding="UTF-8"?>
<testng-results ignored="0" total="5" passed="5" failed="0" skipped="0">
  <reporter-output>
  </reporter-output>
  <suite started-at="2023-02-15T12:10:55 IST" name="Suite" finished-at="2023-02-15T12:11:51 IST" duration-ms="55280">
    <groups>
    </groups>
    <test started-at="2023-02-15T12:10:55 IST" name="LoginTest" finished-at="2023-02-15T12:11:51 IST" duration-ms="55280">
      <class name="com.selenium.amazon_automation.test.LoginTest">
        <test-method is-config="true" signature="setUp()[pri:0, instance:com.selenium.amazon_automation.test.LoginTest@4c371370]" started-at="2023-02-15T12:10:56 IST" name="setUp" finished-at="2023-02-15T12:11:02 IST" duration-ms="5704" status="PASS">
          <reporter-output>
          </reporter-output>
        </test-method> <!-- setUp -->
        <test-method signature="invalidLoginTest(java.lang.String,java.lang.String)[pri:0, instance:com.selenium.amazon_automation.test.LoginTest@4c371370]" started-at="2023-02-15T12:11:02 IST" name="invalidLoginTest" data-provider="invalidLoginData" finished-at="2023-02-15T12:11:15 IST" duration-ms="13264" status="PASS">
          <params>
            <param index="0">
              <value>
                <![CDATA[xyz@gmail.com]]>
              </value>
            </param>
            <param index="1">
              <value>
                <![CDATA[password]]>
              </value>
            </param>
          </params>
          <reporter-output>
          </reporter-output>
        </test-method> <!-- invalidLoginTest -->
        <test-method is-config="true" signature="tearDown()[pri:0, instance:com.selenium.amazon_automation.test.LoginTest@4c371370]" started-at="2023-02-15T12:11:15 IST" name="tearDown" finished-at="2023-02-15T12:11:15 IST" duration-ms="245" status="PASS">
          <reporter-output>
          </reporter-output>
        </test-method> <!-- tearDown -->
        <test-method is-config="true" signature="setUp()[pri:0, instance:com.selenium.amazon_automation.test.LoginTest@4c371370]" started-at="2023-02-15T12:11:15 IST" name="setUp" finished-at="2023-02-15T12:11:21 IST" duration-ms="5308" status="PASS">
          <reporter-output>
          </reporter-output>
        </test-method> <!-- setUp -->
        <test-method signature="invalidLoginTest(java.lang.String,java.lang.String)[pri:0, instance:com.selenium.amazon_automation.test.LoginTest@4c371370]" started-at="2023-02-15T12:11:21 IST" name="invalidLoginTest" data-provider="invalidLoginData" finished-at="2023-02-15T12:11:21 IST" duration-ms="729" status="PASS">
          <params>
            <param index="0">
              <value>
                <![CDATA[x]]>
              </value>
            </param>
            <param index="1">
              <value>
                <![CDATA[password]]>
              </value>
            </param>
          </params>
          <reporter-output>
          </reporter-output>
        </test-method> <!-- invalidLoginTest -->
        <test-method is-config="true" signature="tearDown()[pri:0, instance:com.selenium.amazon_automation.test.LoginTest@4c371370]" started-at="2023-02-15T12:11:21 IST" name="tearDown" finished-at="2023-02-15T12:11:21 IST" duration-ms="232" status="PASS">
          <reporter-output>
          </reporter-output>
        </test-method> <!-- tearDown -->
        <test-method is-config="true" signature="setUp()[pri:0, instance:com.selenium.amazon_automation.test.LoginTest@4c371370]" started-at="2023-02-15T12:11:21 IST" name="setUp" finished-at="2023-02-15T12:11:26 IST" duration-ms="4590" status="PASS">
          <reporter-output>
          </reporter-output>
        </test-method> <!-- setUp -->
        <test-method signature="invalidLoginTest(java.lang.String,java.lang.String)[pri:0, instance:com.selenium.amazon_automation.test.LoginTest@4c371370]" started-at="2023-02-15T12:11:26 IST" name="invalidLoginTest" data-provider="invalidLoginData" finished-at="2023-02-15T12:11:37 IST" duration-ms="11292" status="PASS">
          <params>
            <param index="0">
              <value>
                <![CDATA[xyz@gmail.com]]>
              </value>
            </param>
            <param index="1">
              <value>
                <![CDATA[]]>
              </value>
            </param>
          </params>
          <reporter-output>
          </reporter-output>
        </test-method> <!-- invalidLoginTest -->
        <test-method is-config="true" signature="tearDown()[pri:0, instance:com.selenium.amazon_automation.test.LoginTest@4c371370]" started-at="2023-02-15T12:11:37 IST" name="tearDown" finished-at="2023-02-15T12:11:38 IST" duration-ms="231" status="PASS">
          <reporter-output>
          </reporter-output>
        </test-method> <!-- tearDown -->
        <test-method is-config="true" signature="setUp()[pri:0, instance:com.selenium.amazon_automation.test.LoginTest@4c371370]" started-at="2023-02-15T12:11:38 IST" name="setUp" finished-at="2023-02-15T12:11:42 IST" duration-ms="4679" status="PASS">
          <reporter-output>
          </reporter-output>
        </test-method> <!-- setUp -->
        <test-method signature="invalidLoginTest(java.lang.String,java.lang.String)[pri:0, instance:com.selenium.amazon_automation.test.LoginTest@4c371370]" started-at="2023-02-15T12:11:42 IST" name="invalidLoginTest" data-provider="invalidLoginData" finished-at="2023-02-15T12:11:42 IST" duration-ms="151" status="PASS">
          <params>
            <param index="0">
              <value>
                <![CDATA[]]>
              </value>
            </param>
            <param index="1">
              <value>
                <![CDATA[password]]>
              </value>
            </param>
          </params>
          <reporter-output>
          </reporter-output>
        </test-method> <!-- invalidLoginTest -->
        <test-method is-config="true" signature="tearDown()[pri:0, instance:com.selenium.amazon_automation.test.LoginTest@4c371370]" started-at="2023-02-15T12:11:42 IST" name="tearDown" finished-at="2023-02-15T12:11:43 IST" duration-ms="184" status="PASS">
          <reporter-output>
          </reporter-output>
        </test-method> <!-- tearDown -->
        <test-method is-config="true" signature="setUp()[pri:0, instance:com.selenium.amazon_automation.test.LoginTest@4c371370]" started-at="2023-02-15T12:11:43 IST" name="setUp" finished-at="2023-02-15T12:11:47 IST" duration-ms="4686" status="PASS">
          <reporter-output>
          </reporter-output>
        </test-method> <!-- setUp -->
        <test-method signature="validLoginTest()[pri:0, instance:com.selenium.amazon_automation.test.LoginTest@4c371370]" started-at="2023-02-15T12:11:47 IST" name="validLoginTest" finished-at="2023-02-15T12:11:50 IST" duration-ms="2995" status="PASS">
          <reporter-output>
          </reporter-output>
        </test-method> <!-- validLoginTest -->
        <test-method is-config="true" signature="tearDown()[pri:0, instance:com.selenium.amazon_automation.test.LoginTest@4c371370]" started-at="2023-02-15T12:11:50 IST" name="tearDown" finished-at="2023-02-15T12:11:51 IST" duration-ms="222" status="PASS">
          <reporter-output>
          </reporter-output>
        </test-method> <!-- tearDown -->
      </class> <!-- com.selenium.amazon_automation.test.LoginTest -->
    </test> <!-- LoginTest -->
  </suite> <!-- Suite -->
</testng-results>
